build/outputs/logs/manifest-merger-debug-report.txt
-- Merging decision tree log ---
manifest
ADDED from Eclipse\GranTurismoLapTimer\AndroidManifest.xml:2:1-57:12
	xmlns:android
		ADDED from Eclipse\GranTurismoLapTimer\AndroidManifest.xml:2:11-69
	package
		ADDED from Eclipse\GranTurismoLapTimer\AndroidManifest.xml:3:11-44
	android:versionName
		ADDED from Eclipse\GranTurismoLapTimer\AndroidManifest.xml:5:11-36
	android:versionCode
		ADDED from Eclipse\GranTurismoLapTimer\AndroidManifest.xml:4:11-34
		INJECTED from Eclipse\GranTurismoLapTimer\AndroidManifest.xml
		INJECTED from Eclipse\GranTurismoLapTimer\AndroidManifest.xml
uses-permission#android.permission.WRITE_EXTERNAL_STORAGE
ADDED from Eclipse\GranTurismoLapTimer\AndroidManifest.xml:7:5-80
	android:name
		ADDED from Eclipse\GranTurismoLapTimer\AndroidManifest.xml:7:22-78
uses-sdk
ADDED from Eclipse\GranTurismoLapTimer\AndroidManifest.xml:8:5-10:44
	android:targetSdkVersion
		ADDED from Eclipse\GranTurismoLapTimer\AndroidManifest.xml:10:13-42
	android:minSdkVersion
		ADDED from Eclipse\GranTurismoLapTimer\AndroidManifest.xml:9:13-39
application
ADDED from Eclipse\GranTurismoLapTimer\AndroidManifest.xml:12:5-55:19
	android:label
		ADDED from Eclipse\GranTurismoLapTimer\AndroidManifest.xml:15:13-45
	android:allowBackup
		ADDED from Eclipse\GranTurismoLapTimer\AndroidManifest.xml:13:13-39
	android:icon
		ADDED from Eclipse\GranTurismoLapTimer\AndroidManifest.xml:14:13-41
	android:theme
		ADDED from Eclipse\GranTurismoLapTimer\AndroidManifest.xml:16:13-44
activity#org.lennartb.gtlaptimer.MainActivity
ADDED from Eclipse\GranTurismoLapTimer\AndroidManifest.xml:18:9-26:20
	android:label
		ADDED from Eclipse\GranTurismoLapTimer\AndroidManifest.xml:20:17-49
	android:name
		ADDED from Eclipse\GranTurismoLapTimer\AndroidManifest.xml:19:17-68
intent-filter#android.intent.action.MAIN+android.intent.category.LAUNCHER
ADDED from Eclipse\GranTurismoLapTimer\AndroidManifest.xml:21:13-25:29
action#android.intent.action.MAIN
ADDED from Eclipse\GranTurismoLapTimer\AndroidManifest.xml:22:17-68
	android:name
		ADDED from Eclipse\GranTurismoLapTimer\AndroidManifest.xml:22:25-66
category#android.intent.category.LAUNCHER
ADDED from Eclipse\GranTurismoLapTimer\AndroidManifest.xml:24:17-76
	android:name
		ADDED from Eclipse\GranTurismoLapTimer\AndroidManifest.xml:24:27-74
activity#org.lennartb.gtlaptimer.TrackSelection
ADDED from Eclipse\GranTurismoLapTimer\AndroidManifest.xml:27:9-29:51
	android:label
		ADDED from Eclipse\GranTurismoLapTimer\AndroidManifest.xml:29:17-49
	android:name
		ADDED from Eclipse\GranTurismoLapTimer\AndroidManifest.xml:28:17-47
activity#org.lennartb.gtlaptimer.CarSelection
ADDED from Eclipse\GranTurismoLapTimer\AndroidManifest.xml:30:9-32:49
	android:label
		ADDED from Eclipse\GranTurismoLapTimer\AndroidManifest.xml:32:17-47
	android:name
		ADDED from Eclipse\GranTurismoLapTimer\AndroidManifest.xml:31:17-45
activity#org.lennartb.gtlaptimer.PartSelection
ADDED from Eclipse\GranTurismoLapTimer\AndroidManifest.xml:33:9-35:55
	android:label
		ADDED from Eclipse\GranTurismoLapTimer\AndroidManifest.xml:35:17-53
	android:name
		ADDED from Eclipse\GranTurismoLapTimer\AndroidManifest.xml:34:17-46
activity#org.lennartb.gtlaptimer.TuningSelection
ADDED from Eclipse\GranTurismoLapTimer\AndroidManifest.xml:36:9-39:60
	android:windowSoftInputMode
		ADDED from Eclipse\GranTurismoLapTimer\AndroidManifest.xml:39:17-58
	android:label
		ADDED from Eclipse\GranTurismoLapTimer\AndroidManifest.xml:38:17-56
	android:name
		ADDED from Eclipse\GranTurismoLapTimer\AndroidManifest.xml:37:17-48
activity#org.lennartb.gtlaptimer.TimeEntry
ADDED from Eclipse\GranTurismoLapTimer\AndroidManifest.xml:40:9-43:60
	android:windowSoftInputMode
		ADDED from Eclipse\GranTurismoLapTimer\AndroidManifest.xml:43:17-58
	android:label
		ADDED from Eclipse\GranTurismoLapTimer\AndroidManifest.xml:42:17-47
	android:name
		ADDED from Eclipse\GranTurismoLapTimer\AndroidManifest.xml:41:17-42
activity#org.lennartb.gtlaptimer.ActionSelection
ADDED from Eclipse\GranTurismoLapTimer\AndroidManifest.xml:44:9-46:48
	android:label
		ADDED from Eclipse\GranTurismoLapTimer\AndroidManifest.xml:46:17-46
	android:name
		ADDED from Eclipse\GranTurismoLapTimer\AndroidManifest.xml:45:17-48
activity#org.lennartb.gtlaptimer.TimeBrowser
ADDED from Eclipse\GranTurismoLapTimer\AndroidManifest.xml:47:9-49:40
	android:label
		ADDED from Eclipse\GranTurismoLapTimer\AndroidManifest.xml:49:17-38
	android:name
		ADDED from Eclipse\GranTurismoLapTimer\AndroidManifest.xml:48:17-44
activity#org.lennartb.gtlaptimer.SettingsOverview
ADDED from Eclipse\GranTurismoLapTimer\AndroidManifest.xml:50:9-52:43
	android:label
		ADDED from Eclipse\GranTurismoLapTimer\AndroidManifest.xml:52:17-41
	android:name
		ADDED from Eclipse\GranTurismoLapTimer\AndroidManifest.xml:51:17-49
activity#org.lennartb.gtlaptimer.OptionMenuActivity
ADDED from Eclipse\GranTurismoLapTimer\AndroidManifest.xml:53:9-55
	android:name
		ADDED from Eclipse\GranTurismoLapTimer\AndroidManifest.xml:53:19-53